[23-Feb-2024 17:36:26 UTC] PHP Deprecated:  Function load_plugin_textdomain was called with an argument that is <strong>deprecated</strong> since version 2.7.0 with no alternative available. in /var/www/html/wordpress/wp-includes/functions.php on line 5673
[23-Feb-2024 17:36:26 UTC] PHP Deprecated:  Function get_profile is <strong>deprecated</strong> since version 3.0.0! Use get_the_author_meta() instead. in /var/www/html/wordpress/wp-includes/functions.php on line 5379
[23-Feb-2024 17:36:26 UTC] PHP Deprecated:  Function get_profile is <strong>deprecated</strong> since version 3.0.0! Use get_the_author_meta() instead. in /var/www/html/wordpress/wp-includes/functions.php on line 5379
[23-Feb-2024 17:36:26 UTC] PHP Deprecated:  Function get_usermeta is <strong>deprecated</strong> since version 3.0.0! Use get_user_meta() instead. in /var/www/html/wordpress/wp-includes/functions.php on line 5379
[23-Feb-2024 17:36:26 UTC] PHP Deprecated:  Function get_usermeta is <strong>deprecated</strong> since version 3.0.0! Use get_user_meta() instead. in /var/www/html/wordpress/wp-includes/functions.php on line 5379
[23-Feb-2024 17:36:26 UTC] PHP Warning:  Undefined array key "wpcf_your_name" in /var/www/html/wordpress/wp-content/plugins/wp-contact-form/wp-contactform.php on line 28
[23-Feb-2024 17:36:26 UTC] PHP Warning:  Undefined array key "wpcf_email" in /var/www/html/wordpress/wp-content/plugins/wp-contact-form/wp-contactform.php on line 29
[23-Feb-2024 17:36:26 UTC] PHP Warning:  Undefined array key "wpcf_msg" in /var/www/html/wordpress/wp-content/plugins/wp-contact-form/wp-contactform.php on line 30
[23-Feb-2024 17:36:26 UTC] PHP Fatal error:  Uncaught Error: Using $this when not in object context in /var/www/html/wordpress/wp-content/plugins/http-auth/admin/class-http-auth-admin.php:24
Stack trace:
#0 /var/www/html/wordpress/wp-includes/class-wp-hook.php(307): HTTP_Auth_Admin::admin_menu()
#1 /var/www/html/wordpress/wp-includes/class-wp-hook.php(331): WP_Hook->apply_filters()
#2 /var/www/html/wordpress/wp-includes/plugin.php(476): WP_Hook->do_action()
#3 /var/www/html/wordpress/wp-admin/includes/menu.php(155): do_action()
#4 /var/www/html/wordpress/wp-admin/menu.php(394): require_once('...')
#5 /var/www/html/wordpress/wp-admin/admin.php(158): require('...')
#6 /var/www/html/wordpress/wp-admin/plugins.php(10): require_once('...')
#7 {main}
  thrown in /var/www/html/wordpress/wp-content/plugins/http-auth/admin/class-http-auth-admin.php on line 24
[23-Feb-2024 17:45:54 UTC] PHP Deprecated:  Function load_plugin_textdomain was called with an argument that is <strong>deprecated</strong> since version 2.7.0 with no alternative available. in /var/www/html/wordpress/wp-includes/functions.php on line 5673
[23-Feb-2024 17:45:54 UTC] PHP Deprecated:  Function get_profile is <strong>deprecated</strong> since version 3.0.0! Use get_the_author_meta() instead. in /var/www/html/wordpress/wp-includes/functions.php on line 5379
[23-Feb-2024 17:45:54 UTC] PHP Deprecated:  Function get_profile is <strong>deprecated</strong> since version 3.0.0! Use get_the_author_meta() instead. in /var/www/html/wordpress/wp-includes/functions.php on line 5379
[23-Feb-2024 17:45:54 UTC] PHP Deprecated:  Function get_usermeta is <strong>deprecated</strong> since version 3.0.0! Use get_user_meta() instead. in /var/www/html/wordpress/wp-includes/functions.php on line 5379
[23-Feb-2024 17:45:54 UTC] PHP Deprecated:  Function get_usermeta is <strong>deprecated</strong> since version 3.0.0! Use get_user_meta() instead. in /var/www/html/wordpress/wp-includes/functions.php on line 5379
[23-Feb-2024 17:45:54 UTC] PHP Warning:  Undefined array key "wpcf_your_name" in /var/www/html/wordpress/wp-content/plugins/wp-contact-form/wp-contactform.php on line 28
[23-Feb-2024 17:45:54 UTC] PHP Warning:  Undefined array key "wpcf_email" in /var/www/html/wordpress/wp-content/plugins/wp-contact-form/wp-contactform.php on line 29
[23-Feb-2024 17:45:54 UTC] PHP Warning:  Undefined array key "wpcf_msg" in /var/www/html/wordpress/wp-content/plugins/wp-contact-form/wp-contactform.php on line 30
[23-Feb-2024 17:45:54 UTC] PHP Deprecated:  Return type of Requests_Cookie_Jar::offsetExists($key) should either be compatible with ArrayAccess::offsetExists(mixed $offset): bool, or the #[\ReturnTypeWillChange] attribute should be used to temporarily suppress the notice in /var/www/html/wordpress/wp-includes/Requests/Cookie/Jar.php on line 63
[23-Feb-2024 17:45:54 UTC] PHP Deprecated:  Return type of Requests_Cookie_Jar::offsetGet($key) should either be compatible with ArrayAccess::offsetGet(mixed $offset): mixed, or the #[\ReturnTypeWillChange] attribute should be used to temporarily suppress the notice in /var/www/html/wordpress/wp-includes/Requests/Cookie/Jar.php on line 73
[23-Feb-2024 17:45:54 UTC] PHP Deprecated:  Return type of Requests_Cookie_Jar::offsetSet($key, $value) should either be compatible with ArrayAccess::offsetSet(mixed $offset, mixed $value): void, or the #[\ReturnTypeWillChange] attribute should be used to temporarily suppress the notice in /var/www/html/wordpress/wp-includes/Requests/Cookie/Jar.php on line 89
[23-Feb-2024 17:45:54 UTC] PHP Deprecated:  Return type of Requests_Cookie_Jar::offsetUnset($key) should either be compatible with ArrayAccess::offsetUnset(mixed $offset): void, or the #[\ReturnTypeWillChange] attribute should be used to temporarily suppress the notice in /var/www/html/wordpress/wp-includes/Requests/Cookie/Jar.php on line 102
[23-Feb-2024 17:45:54 UTC] PHP Deprecated:  Return type of Requests_Cookie_Jar::getIterator() should either be compatible with IteratorAggregate::getIterator(): Traversable, or the #[\ReturnTypeWillChange] attribute should be used to temporarily suppress the notice in /var/www/html/wordpress/wp-includes/Requests/Cookie/Jar.php on line 111
[23-Feb-2024 17:45:54 UTC] PHP Deprecated:  http_build_query(): Passing null to parameter #2 ($numeric_prefix) of type string is deprecated in /var/www/html/wordpress/wp-includes/Requests/Transport/cURL.php on line 345
[23-Feb-2024 17:45:55 UTC] PHP Deprecated:  Return type of Requests_Utility_CaseInsensitiveDictionary::offsetExists($key) should either be compatible with ArrayAccess::offsetExists(mixed $offset): bool, or the #[\ReturnTypeWillChange] attribute should be used to temporarily suppress the notice in /var/www/html/wordpress/wp-includes/Requests/Utility/CaseInsensitiveDictionary.php on line 40
[23-Feb-2024 17:45:55 UTC] PHP Deprecated:  Return type of Requests_Utility_CaseInsensitiveDictionary::offsetGet($key) should either be compatible with ArrayAccess::offsetGet(mixed $offset): mixed, or the #[\ReturnTypeWillChange] attribute should be used to temporarily suppress the notice in /var/www/html/wordpress/wp-includes/Requests/Utility/CaseInsensitiveDictionary.php on line 51
[23-Feb-2024 17:45:55 UTC] PHP Deprecated:  Return type of Requests_Utility_CaseInsensitiveDictionary::offsetSet($key, $value) should either be compatible with ArrayAccess::offsetSet(mixed $offset, mixed $value): void, or the #[\ReturnTypeWillChange] attribute should be used to temporarily suppress the notice in /var/www/html/wordpress/wp-includes/Requests/Utility/CaseInsensitiveDictionary.php on line 68
[23-Feb-2024 17:45:55 UTC] PHP Deprecated:  Return type of Requests_Utility_CaseInsensitiveDictionary::offsetUnset($key) should either be compatible with ArrayAccess::offsetUnset(mixed $offset): void, or the #[\ReturnTypeWillChange] attribute should be used to temporarily suppress the notice in /var/www/html/wordpress/wp-includes/Requests/Utility/CaseInsensitiveDictionary.php on line 82
[23-Feb-2024 17:45:55 UTC] PHP Deprecated:  Return type of Requests_Utility_CaseInsensitiveDictionary::getIterator() should either be compatible with IteratorAggregate::getIterator(): Traversable, or the #[\ReturnTypeWillChange] attribute should be used to temporarily suppress the notice in /var/www/html/wordpress/wp-includes/Requests/Utility/CaseInsensitiveDictionary.php on line 91
[23-Feb-2024 17:45:55 UTC] PHP Warning:  Cannot modify header information - headers already sent by (output started at /var/www/html/wordpress/wp-includes/Requests/Utility/CaseInsensitiveDictionary.php:15) in /var/www/html/wordpress/wp-admin/includes/misc.php on line 1380
[23-Feb-2024 17:45:55 UTC] PHP Warning:  Cannot modify header information - headers already sent by (output started at /var/www/html/wordpress/wp-includes/Requests/Utility/CaseInsensitiveDictionary.php:15) in /var/www/html/wordpress/wp-includes/functions.php on line 6878
[23-Feb-2024 17:45:55 UTC] PHP Deprecated:  http_build_query(): Passing null to parameter #2 ($numeric_prefix) of type string is deprecated in /var/www/html/wordpress/wp-includes/Requests/Transport/cURL.php on line 345
[23-Feb-2024 17:45:55 UTC] PHP Warning:  Cannot modify header information - headers already sent by (output started at /var/www/html/wordpress/wp-includes/Requests/Utility/CaseInsensitiveDictionary.php:15) in /var/www/html/wordpress/wp-admin/admin-header.php on line 9
[23-Feb-2024 17:45:55 UTC] PHP Deprecated:  setcookie(): Passing null to parameter #5 ($domain) of type string is deprecated in /var/www/html/wordpress/wp-includes/option.php on line 1112
[23-Feb-2024 17:45:55 UTC] PHP Warning:  Cannot modify header information - headers already sent by (output started at /var/www/html/wordpress/wp-includes/Requests/Utility/CaseInsensitiveDictionary.php:15) in /var/www/html/wordpress/wp-includes/option.php on line 1112
[23-Feb-2024 17:45:55 UTC] PHP Deprecated:  setcookie(): Passing null to parameter #5 ($domain) of type string is deprecated in /var/www/html/wordpress/wp-includes/option.php on line 1113
[23-Feb-2024 17:45:55 UTC] PHP Warning:  Cannot modify header information - headers already sent by (output started at /var/www/html/wordpress/wp-includes/Requests/Utility/CaseInsensitiveDictionary.php:15) in /var/www/html/wordpress/wp-includes/option.php on line 1113
[23-Feb-2024 17:45:55 UTC] PHP Deprecated:  rtrim(): Passing null to parameter #1 ($string) of type string is deprecated in /var/www/html/wordpress/wp-includes/formatting.php on line 2772
[23-Feb-2024 17:45:55 UTC] PHP Deprecated:  rtrim(): Passing null to parameter #1 ($string) of type string is deprecated in /var/www/html/wordpress/wp-includes/formatting.php on line 2772
[23-Feb-2024 17:45:55 UTC] PHP Deprecated:  rtrim(): Passing null to parameter #1 ($string) of type string is deprecated in /var/www/html/wordpress/wp-includes/formatting.php on line 2772
[23-Feb-2024 17:45:55 UTC] PHP Deprecated:  rtrim(): Passing null to parameter #1 ($string) of type string is deprecated in /var/www/html/wordpress/wp-includes/formatting.php on line 2772
[23-Feb-2024 17:45:55 UTC] PHP Deprecated:  rtrim(): Passing null to parameter #1 ($string) of type string is deprecated in /var/www/html/wordpress/wp-includes/formatting.php on line 2772
[23-Feb-2024 17:46:00 UTC] PHP Deprecated:  Function load_plugin_textdomain was called with an argument that is <strong>deprecated</strong> since version 2.7.0 with no alternative available. in /var/www/html/wordpress/wp-includes/functions.php on line 5673
[23-Feb-2024 17:46:00 UTC] PHP Deprecated:  Function get_profile is <strong>deprecated</strong> since version 3.0.0! Use get_the_author_meta() instead. in /var/www/html/wordpress/wp-includes/functions.php on line 5379
[23-Feb-2024 17:46:00 UTC] PHP Deprecated:  Function get_profile is <strong>deprecated</strong> since version 3.0.0! Use get_the_author_meta() instead. in /var/www/html/wordpress/wp-includes/functions.php on line 5379
[23-Feb-2024 17:46:00 UTC] PHP Deprecated:  Function get_usermeta is <strong>deprecated</strong> since version 3.0.0! Use get_user_meta() instead. in /var/www/html/wordpress/wp-includes/functions.php on line 5379
[23-Feb-2024 17:46:00 UTC] PHP Deprecated:  Function get_usermeta is <strong>deprecated</strong> since version 3.0.0! Use get_user_meta() instead. in /var/www/html/wordpress/wp-includes/functions.php on line 5379
[23-Feb-2024 17:46:00 UTC] PHP Warning:  Undefined array key "wpcf_your_name" in /var/www/html/wordpress/wp-content/plugins/wp-contact-form/wp-contactform.php on line 28
[23-Feb-2024 17:46:00 UTC] PHP Warning:  Undefined array key "wpcf_email" in /var/www/html/wordpress/wp-content/plugins/wp-contact-form/wp-contactform.php on line 29
[23-Feb-2024 17:46:00 UTC] PHP Warning:  Undefined array key "wpcf_msg" in /var/www/html/wordpress/wp-content/plugins/wp-contact-form/wp-contactform.php on line 30
[23-Feb-2024 17:46:00 UTC] PHP Deprecated:  Return type of Requests_Cookie_Jar::offsetExists($key) should either be compatible with ArrayAccess::offsetExists(mixed $offset): bool, or the #[\ReturnTypeWillChange] attribute should be used to temporarily suppress the notice in /var/www/html/wordpress/wp-includes/Requests/Cookie/Jar.php on line 63
[23-Feb-2024 17:46:00 UTC] PHP Deprecated:  Return type of Requests_Cookie_Jar::offsetGet($key) should either be compatible with ArrayAccess::offsetGet(mixed $offset): mixed, or the #[\ReturnTypeWillChange] attribute should be used to temporarily suppress the notice in /var/www/html/wordpress/wp-includes/Requests/Cookie/Jar.php on line 73
[23-Feb-2024 17:46:00 UTC] PHP Deprecated:  Return type of Requests_Cookie_Jar::offsetSet($key, $value) should either be compatible with ArrayAccess::offsetSet(mixed $offset, mixed $value): void, or the #[\ReturnTypeWillChange] attribute should be used to temporarily suppress the notice in /var/www/html/wordpress/wp-includes/Requests/Cookie/Jar.php on line 89
[23-Feb-2024 17:46:00 UTC] PHP Deprecated:  Return type of Requests_Cookie_Jar::offsetUnset($key) should either be compatible with ArrayAccess::offsetUnset(mixed $offset): void, or the #[\ReturnTypeWillChange] attribute should be used to temporarily suppress the notice in /var/www/html/wordpress/wp-includes/Requests/Cookie/Jar.php on line 102
[23-Feb-2024 17:46:00 UTC] PHP Deprecated:  Return type of Requests_Cookie_Jar::getIterator() should either be compatible with IteratorAggregate::getIterator(): Traversable, or the #[\ReturnTypeWillChange] attribute should be used to temporarily suppress the notice in /var/www/html/wordpress/wp-includes/Requests/Cookie/Jar.php on line 111
[23-Feb-2024 17:46:00 UTC] PHP Deprecated:  http_build_query(): Passing null to parameter #2 ($numeric_prefix) of type string is deprecated in /var/www/html/wordpress/wp-includes/Requests/Transport/cURL.php on line 345
[23-Feb-2024 17:46:00 UTC] PHP Deprecated:  Return type of Requests_Utility_CaseInsensitiveDictionary::offsetExists($key) should either be compatible with ArrayAccess::offsetExists(mixed $offset): bool, or the #[\ReturnTypeWillChange] attribute should be used to temporarily suppress the notice in /var/www/html/wordpress/wp-includes/Requests/Utility/CaseInsensitiveDictionary.php on line 40
[23-Feb-2024 17:46:00 UTC] PHP Deprecated:  Return type of Requests_Utility_CaseInsensitiveDictionary::offsetGet($key) should either be compatible with ArrayAccess::offsetGet(mixed $offset): mixed, or the #[\ReturnTypeWillChange] attribute should be used to temporarily suppress the notice in /var/www/html/wordpress/wp-includes/Requests/Utility/CaseInsensitiveDictionary.php on line 51
[23-Feb-2024 17:46:00 UTC] PHP Deprecated:  Return type of Requests_Utility_CaseInsensitiveDictionary::offsetSet($key, $value) should either be compatible with ArrayAccess::offsetSet(mixed $offset, mixed $value): void, or the #[\ReturnTypeWillChange] attribute should be used to temporarily suppress the notice in /var/www/html/wordpress/wp-includes/Requests/Utility/CaseInsensitiveDictionary.php on line 68
[23-Feb-2024 17:46:00 UTC] PHP Deprecated:  Return type of Requests_Utility_CaseInsensitiveDictionary::offsetUnset($key) should either be compatible with ArrayAccess::offsetUnset(mixed $offset): void, or the #[\ReturnTypeWillChange] attribute should be used to temporarily suppress the notice in /var/www/html/wordpress/wp-includes/Requests/Utility/CaseInsensitiveDictionary.php on line 82
[23-Feb-2024 17:46:00 UTC] PHP Deprecated:  Return type of Requests_Utility_CaseInsensitiveDictionary::getIterator() should either be compatible with IteratorAggregate::getIterator(): Traversable, or the #[\ReturnTypeWillChange] attribute should be used to temporarily suppress the notice in /var/www/html/wordpress/wp-includes/Requests/Utility/CaseInsensitiveDictionary.php on line 91
[23-Feb-2024 17:46:00 UTC] PHP Warning:  Cannot modify header information - headers already sent by (output started at /var/www/html/wordpress/wp-includes/Requests/Utility/CaseInsensitiveDictionary.php:15) in /var/www/html/wordpress/wp-admin/includes/misc.php on line 1380
[23-Feb-2024 17:46:00 UTC] PHP Warning:  Cannot modify header information - headers already sent by (output started at /var/www/html/wordpress/wp-includes/Requests/Utility/CaseInsensitiveDictionary.php:15) in /var/www/html/wordpress/wp-includes/functions.php on line 6878
[23-Feb-2024 17:46:00 UTC] PHP Warning:  Cannot modify header information - headers already sent by (output started at /var/www/html/wordpress/wp-includes/Requests/Utility/CaseInsensitiveDictionary.php:15) in /var/www/html/wordpress/wp-admin/admin-header.php on line 9
[23-Feb-2024 17:46:00 UTC] PHP Deprecated:  setcookie(): Passing null to parameter #5 ($domain) of type string is deprecated in /var/www/html/wordpress/wp-includes/option.php on line 1112
[23-Feb-2024 17:46:00 UTC] PHP Warning:  Cannot modify header information - headers already sent by (output started at /var/www/html/wordpress/wp-includes/Requests/Utility/CaseInsensitiveDictionary.php:15) in /var/www/html/wordpress/wp-includes/option.php on line 1112
[23-Feb-2024 17:46:00 UTC] PHP Deprecated:  setcookie(): Passing null to parameter #5 ($domain) of type string is deprecated in /var/www/html/wordpress/wp-includes/option.php on line 1113
[23-Feb-2024 17:46:00 UTC] PHP Warning:  Cannot modify header information - headers already sent by (output started at /var/www/html/wordpress/wp-includes/Requests/Utility/CaseInsensitiveDictionary.php:15) in /var/www/html/wordpress/wp-includes/option.php on line 1113
[23-Feb-2024 17:46:00 UTC] PHP Deprecated:  rtrim(): Passing null to parameter #1 ($string) of type string is deprecated in /var/www/html/wordpress/wp-includes/formatting.php on line 2772
[23-Feb-2024 17:46:00 UTC] PHP Deprecated:  rtrim(): Passing null to parameter #1 ($string) of type string is deprecated in /var/www/html/wordpress/wp-includes/formatting.php on line 2772
[23-Feb-2024 17:46:00 UTC] PHP Deprecated:  rtrim(): Passing null to parameter #1 ($string) of type string is deprecated in /var/www/html/wordpress/wp-includes/formatting.php on line 2772
[23-Feb-2024 17:46:00 UTC] PHP Deprecated:  rtrim(): Passing null to parameter #1 ($string) of type string is deprecated in /var/www/html/wordpress/wp-includes/formatting.php on line 2772
[23-Feb-2024 17:46:00 UTC] PHP Deprecated:  rtrim(): Passing null to parameter #1 ($string) of type string is deprecated in /var/www/html/wordpress/wp-includes/formatting.php on line 2772
[23-Feb-2024 17:46:00 UTC] PHP Deprecated:  rtrim(): Passing null to parameter #1 ($string) of type string is deprecated in /var/www/html/wordpress/wp-includes/formatting.php on line 2772
[23-Feb-2024 17:46:00 UTC] PHP Deprecated:  rtrim(): Passing null to parameter #1 ($string) of type string is deprecated in /var/www/html/wordpress/wp-includes/formatting.php on line 2772
[23-Feb-2024 17:46:00 UTC] PHP Deprecated:  rtrim(): Passing null to parameter #1 ($string) of type string is deprecated in /var/www/html/wordpress/wp-includes/formatting.php on line 2772
[23-Feb-2024 17:46:00 UTC] PHP Deprecated:  rtrim(): Passing null to parameter #1 ($string) of type string is deprecated in /var/www/html/wordpress/wp-includes/formatting.php on line 2772
[23-Feb-2024 17:46:03 UTC] PHP Deprecated:  Function load_plugin_textdomain was called with an argument that is <strong>deprecated</strong> since version 2.7.0 with no alternative available. in /var/www/html/wordpress/wp-includes/functions.php on line 5673
[23-Feb-2024 17:46:03 UTC] PHP Deprecated:  Function get_profile is <strong>deprecated</strong> since version 3.0.0! Use get_the_author_meta() instead. in /var/www/html/wordpress/wp-includes/functions.php on line 5379
[23-Feb-2024 17:46:03 UTC] PHP Deprecated:  Function get_profile is <strong>deprecated</strong> since version 3.0.0! Use get_the_author_meta() instead. in /var/www/html/wordpress/wp-includes/functions.php on line 5379
[23-Feb-2024 17:46:03 UTC] PHP Deprecated:  Function get_usermeta is <strong>deprecated</strong> since version 3.0.0! Use get_user_meta() instead. in /var/www/html/wordpress/wp-includes/functions.php on line 5379
[23-Feb-2024 17:46:03 UTC] PHP Deprecated:  Function get_usermeta is <strong>deprecated</strong> since version 3.0.0! Use get_user_meta() instead. in /var/www/html/wordpress/wp-includes/functions.php on line 5379
[23-Feb-2024 17:46:03 UTC] PHP Warning:  Undefined array key "wpcf_your_name" in /var/www/html/wordpress/wp-content/plugins/wp-contact-form/wp-contactform.php on line 28
[23-Feb-2024 17:46:03 UTC] PHP Warning:  Undefined array key "wpcf_email" in /var/www/html/wordpress/wp-content/plugins/wp-contact-form/wp-contactform.php on line 29
[23-Feb-2024 17:46:03 UTC] PHP Warning:  Undefined array key "wpcf_msg" in /var/www/html/wordpress/wp-content/plugins/wp-contact-form/wp-contactform.php on line 30
[23-Feb-2024 17:46:12 UTC] PHP Deprecated:  Function load_plugin_textdomain was called with an argument that is <strong>deprecated</strong> since version 2.7.0 with no alternative available. in /var/www/html/wordpress/wp-includes/functions.php on line 5673
[23-Feb-2024 17:46:12 UTC] PHP Deprecated:  Function get_profile is <strong>deprecated</strong> since version 3.0.0! Use get_the_author_meta() instead. in /var/www/html/wordpress/wp-includes/functions.php on line 5379
[23-Feb-2024 17:46:12 UTC] PHP Deprecated:  Function get_profile is <strong>deprecated</strong> since version 3.0.0! Use get_the_author_meta() instead. in /var/www/html/wordpress/wp-includes/functions.php on line 5379
[23-Feb-2024 17:46:12 UTC] PHP Deprecated:  Function get_usermeta is <strong>deprecated</strong> since version 3.0.0! Use get_user_meta() instead. in /var/www/html/wordpress/wp-includes/functions.php on line 5379
[23-Feb-2024 17:46:12 UTC] PHP Deprecated:  Function get_usermeta is <strong>deprecated</strong> since version 3.0.0! Use get_user_meta() instead. in /var/www/html/wordpress/wp-includes/functions.php on line 5379
[23-Feb-2024 17:46:12 UTC] PHP Warning:  Undefined array key "wpcf_your_name" in /var/www/html/wordpress/wp-content/plugins/wp-contact-form/wp-contactform.php on line 28
[23-Feb-2024 17:46:12 UTC] PHP Warning:  Undefined array key "wpcf_email" in /var/www/html/wordpress/wp-content/plugins/wp-contact-form/wp-contactform.php on line 29
[23-Feb-2024 17:46:12 UTC] PHP Warning:  Undefined array key "wpcf_msg" in /var/www/html/wordpress/wp-content/plugins/wp-contact-form/wp-contactform.php on line 30
[23-Feb-2024 17:46:12 UTC] PHP Deprecated:  Return type of Requests_Cookie_Jar::offsetExists($key) should either be compatible with ArrayAccess::offsetExists(mixed $offset): bool, or the #[\ReturnTypeWillChange] attribute should be used to temporarily suppress the notice in /var/www/html/wordpress/wp-includes/Requests/Cookie/Jar.php on line 63
[23-Feb-2024 17:46:12 UTC] PHP Deprecated:  Return type of Requests_Cookie_Jar::offsetGet($key) should either be compatible with ArrayAccess::offsetGet(mixed $offset): mixed, or the #[\ReturnTypeWillChange] attribute should be used to temporarily suppress the notice in /var/www/html/wordpress/wp-includes/Requests/Cookie/Jar.php on line 73
[23-Feb-2024 17:46:12 UTC] PHP Deprecated:  Return type of Requests_Cookie_Jar::offsetSet($key, $value) should either be compatible with ArrayAccess::offsetSet(mixed $offset, mixed $value): void, or the #[\ReturnTypeWillChange] attribute should be used to temporarily suppress the notice in /var/www/html/wordpress/wp-includes/Requests/Cookie/Jar.php on line 89
[23-Feb-2024 17:46:12 UTC] PHP Deprecated:  Return type of Requests_Cookie_Jar::offsetUnset($key) should either be compatible with ArrayAccess::offsetUnset(mixed $offset): void, or the #[\ReturnTypeWillChange] attribute should be used to temporarily suppress the notice in /var/www/html/wordpress/wp-includes/Requests/Cookie/Jar.php on line 102
[23-Feb-2024 17:46:12 UTC] PHP Deprecated:  Return type of Requests_Cookie_Jar::getIterator() should either be compatible with IteratorAggregate::getIterator(): Traversable, or the #[\ReturnTypeWillChange] attribute should be used to temporarily suppress the notice in /var/www/html/wordpress/wp-includes/Requests/Cookie/Jar.php on line 111
[23-Feb-2024 17:46:12 UTC] PHP Deprecated:  Function load_plugin_textdomain was called with an argument that is <strong>deprecated</strong> since version 2.7.0 with no alternative available. in /var/www/html/wordpress/wp-includes/functions.php on line 5673
[23-Feb-2024 17:46:12 UTC] PHP Deprecated:  Function get_profile is <strong>deprecated</strong> since version 3.0.0! Use get_the_author_meta() instead. in /var/www/html/wordpress/wp-includes/functions.php on line 5379
[23-Feb-2024 17:46:12 UTC] PHP Deprecated:  Function get_profile is <strong>deprecated</strong> since version 3.0.0! Use get_the_author_meta() instead. in /var/www/html/wordpress/wp-includes/functions.php on line 5379
[23-Feb-2024 17:46:12 UTC] PHP Deprecated:  Function get_usermeta is <strong>deprecated</strong> since version 3.0.0! Use get_user_meta() instead. in /var/www/html/wordpress/wp-includes/functions.php on line 5379
[23-Feb-2024 17:46:12 UTC] PHP Deprecated:  Function get_usermeta is <strong>deprecated</strong> since version 3.0.0! Use get_user_meta() instead. in /var/www/html/wordpress/wp-includes/functions.php on line 5379
[23-Feb-2024 17:46:12 UTC] PHP Warning:  Undefined array key "wpcf_your_name" in /var/www/html/wordpress/wp-content/plugins/wp-contact-form/wp-contactform.php on line 28
[23-Feb-2024 17:46:12 UTC] PHP Warning:  Undefined array key "wpcf_email" in /var/www/html/wordpress/wp-content/plugins/wp-contact-form/wp-contactform.php on line 29
[23-Feb-2024 17:46:12 UTC] PHP Warning:  Undefined array key "wpcf_msg" in /var/www/html/wordpress/wp-content/plugins/wp-contact-form/wp-contactform.php on line 30
[23-Feb-2024 17:46:12 UTC] PHP Deprecated:  Return type of Requests_Utility_CaseInsensitiveDictionary::offsetExists($key) should either be compatible with ArrayAccess::offsetExists(mixed $offset): bool, or the #[\ReturnTypeWillChange] attribute should be used to temporarily suppress the notice in /var/www/html/wordpress/wp-includes/Requests/Utility/CaseInsensitiveDictionary.php on line 40
[23-Feb-2024 17:46:12 UTC] PHP Deprecated:  Return type of Requests_Utility_CaseInsensitiveDictionary::offsetGet($key) should either be compatible with ArrayAccess::offsetGet(mixed $offset): mixed, or the #[\ReturnTypeWillChange] attribute should be used to temporarily suppress the notice in /var/www/html/wordpress/wp-includes/Requests/Utility/CaseInsensitiveDictionary.php on line 51
[23-Feb-2024 17:46:12 UTC] PHP Deprecated:  Return type of Requests_Utility_CaseInsensitiveDictionary::offsetSet($key, $value) should either be compatible with ArrayAccess::offsetSet(mixed $offset, mixed $value): void, or the #[\ReturnTypeWillChange] attribute should be used to temporarily suppress the notice in /var/www/html/wordpress/wp-includes/Requests/Utility/CaseInsensitiveDictionary.php on line 68
[23-Feb-2024 17:46:12 UTC] PHP Deprecated:  Return type of Requests_Utility_CaseInsensitiveDictionary::offsetUnset($key) should either be compatible with ArrayAccess::offsetUnset(mixed $offset): void, or the #[\ReturnTypeWillChange] attribute should be used to temporarily suppress the notice in /var/www/html/wordpress/wp-includes/Requests/Utility/CaseInsensitiveDictionary.php on line 82
[23-Feb-2024 17:46:12 UTC] PHP Deprecated:  Return type of Requests_Utility_CaseInsensitiveDictionary::getIterator() should either be compatible with IteratorAggregate::getIterator(): Traversable, or the #[\ReturnTypeWillChange] attribute should be used to temporarily suppress the notice in /var/www/html/wordpress/wp-includes/Requests/Utility/CaseInsensitiveDictionary.php on line 91
[23-Feb-2024 17:46:12 UTC] PHP Deprecated:  http_build_query(): Passing null to parameter #2 ($numeric_prefix) of type string is deprecated in /var/www/html/wordpress/wp-includes/Requests/Transport/cURL.php on line 345
[23-Feb-2024 17:46:12 UTC] PHP Warning:  Cannot modify header information - headers already sent by (output started at /var/www/html/wordpress/wp-includes/Requests/Utility/CaseInsensitiveDictionary.php:15) in /var/www/html/wordpress/wp-admin/includes/misc.php on line 1380
[23-Feb-2024 17:46:12 UTC] PHP Warning:  Cannot modify header information - headers already sent by (output started at /var/www/html/wordpress/wp-includes/Requests/Utility/CaseInsensitiveDictionary.php:15) in /var/www/html/wordpress/wp-includes/functions.php on line 6878
[23-Feb-2024 17:46:12 UTC] PHP Warning:  Cannot modify header information - headers already sent by (output started at /var/www/html/wordpress/wp-includes/Requests/Utility/CaseInsensitiveDictionary.php:15) in /var/www/html/wordpress/wp-admin/admin-header.php on line 9
[23-Feb-2024 17:46:12 UTC] PHP Deprecated:  setcookie(): Passing null to parameter #5 ($domain) of type string is deprecated in /var/www/html/wordpress/wp-includes/option.php on line 1112
[23-Feb-2024 17:46:12 UTC] PHP Warning:  Cannot modify header information - headers already sent by (output started at /var/www/html/wordpress/wp-includes/Requests/Utility/CaseInsensitiveDictionary.php:15) in /var/www/html/wordpress/wp-includes/option.php on line 1112
[23-Feb-2024 17:46:12 UTC] PHP Deprecated:  setcookie(): Passing null to parameter #5 ($domain) of type string is deprecated in /var/www/html/wordpress/wp-includes/option.php on line 1113
[23-Feb-2024 17:46:12 UTC] PHP Warning:  Cannot modify header information - headers already sent by (output started at /var/www/html/wordpress/wp-includes/Requests/Utility/CaseInsensitiveDictionary.php:15) in /var/www/html/wordpress/wp-includes/option.php on line 1113
[23-Feb-2024 17:46:12 UTC] PHP Deprecated:  rtrim(): Passing null to parameter #1 ($string) of type string is deprecated in /var/www/html/wordpress/wp-includes/formatting.php on line 2772
[23-Feb-2024 17:46:12 UTC] PHP Deprecated:  rtrim(): Passing null to parameter #1 ($string) of type string is deprecated in /var/www/html/wordpress/wp-includes/formatting.php on line 2772
[23-Feb-2024 17:46:12 UTC] PHP Deprecated:  rtrim(): Passing null to parameter #1 ($string) of type string is deprecated in /var/www/html/wordpress/wp-includes/formatting.php on line 2772
[23-Feb-2024 17:46:12 UTC] PHP Deprecated:  rtrim(): Passing null to parameter #1 ($string) of type string is deprecated in /var/www/html/wordpress/wp-includes/formatting.php on line 2772
[23-Feb-2024 17:46:12 UTC] PHP Deprecated:  rtrim(): Passing null to parameter #1 ($string) of type string is deprecated in /var/www/html/wordpress/wp-includes/formatting.php on line 2772
[23-Feb-2024 17:46:12 UTC] PHP Deprecated:  rtrim(): Passing null to parameter #1 ($string) of type string is deprecated in /var/www/html/wordpress/wp-includes/formatting.php on line 2772
[23-Feb-2024 17:46:12 UTC] PHP Deprecated:  rtrim(): Passing null to parameter #1 ($string) of type string is deprecated in /var/www/html/wordpress/wp-includes/formatting.php on line 2772
[23-Feb-2024 17:46:12 UTC] PHP Deprecated:  rtrim(): Passing null to parameter #1 ($string) of type string is deprecated in /var/www/html/wordpress/wp-includes/formatting.php on line 2772
[23-Feb-2024 17:46:12 UTC] PHP Deprecated:  rtrim(): Passing null to parameter #1 ($string) of type string is deprecated in /var/www/html/wordpress/wp-includes/formatting.php on line 2772
